<?xml version="1.0" encoding="UTF-8"?>
<!-- Generated by org.testng.reporters.JUnitReportReporter -->
<testsuite hostname="DESKTOP-J054L5A" failures="0" tests="1" name="testCases.LoginPage_test" time="13.062" errors="0" timestamp="2021-04-11T20:03:40 IST" skipped="0">
  <testcase classname="testCases.LoginPage_test" name="test1" time="13.062"/>
  <system-out/>
</testsuite> <!-- testCases.LoginPage_test -->
